============================== Prover9 ===============================
Prover9 (64) version 2009-11A, November 2009.
Process 63470 was started by markmuinde on MacBook-Pro-2.local,
Sat Dec  3 14:43:44 2022
The command was "prover9 -f 90.in".
============================== end of head ===========================

============================== INPUT =================================

% Reading from file 90.in

set(ignore_option_dependencies).
if(Prover9).
% Conditional input included.
clear(auto).
clear(auto_setup).
clear(auto_limits).
clear(auto_denials).
clear(auto_inference).
clear(auto_process).
assign(eq_defs,pass).
assign(max_seconds,10).
assign(max_weight,2147483647).
assign(sos_limit,-1).
clear(predicate_elim).
set(binary_resolution).
set(paramodulation).
set(factor).
end_if.
if(Mace4).
% Conditional input omitted.
end_if.

formulas(assumptions).
Word(victorious).
Word(defeated).
Referent(kamchatka).
Referent(yakutsk).
Word(victorious) <-> Referent(yakutsk).
Word(defeated) <-> Referent(kamchatka).
end_of_list.

formulas(goals).
Word(victorious) | Word(defeated).
end_of_list.

============================== end of input ==========================

% Enabling option dependencies (ignore applies only on input).

============================== PROCESS NON-CLAUSAL FORMULAS ==========

% Formulas that are not ordinary clauses:
1 Word(victorious) <-> Referent(yakutsk) # label(non_clause).  [assumption].
2 Word(defeated) <-> Referent(kamchatka) # label(non_clause).  [assumption].
3 Word(victorious) | Word(defeated) # label(non_clause) # label(goal).  [goal].

============================== end of process non-clausal formulas ===

============================== PROCESS INITIAL CLAUSES ===============

% Clauses before input processing:

formulas(usable).
end_of_list.

formulas(sos).
Word(x).  [assumption].
Word(defeated).  [assumption].
Referent(kamchatka).  [assumption].
Referent(x).  [assumption].
-Word(x) | Referent(y).  [clausify(1)].
Word(x) | -Referent(y).  [clausify(1)].
-Word(defeated) | Referent(kamchatka).  [clausify(2)].
Word(defeated) | -Referent(kamchatka).  [clausify(2)].
-Word(c1).  [deny(3)].
-Word(defeated).  [deny(3)].
end_of_list.

formulas(demodulators).
end_of_list.

Term ordering decisions:
Predicate symbol precedence:  predicate_order([ Referent, Word ]).
Function symbol precedence:  function_order([ defeated, kamchatka, c1 ]).
After inverse_order:  (no changes).

kept:      4 Word(x).  [assumption].
kept:      5 Referent(kamchatka).  [assumption].
kept:      6 Referent(x).  [assumption].
kept:      7 -Word(c1).  [deny(3)].

============================== PROOF =================================

% Proof 1 at 0.01 (+ 0.01) seconds.
% Length of proof is 4.
% Level of proof is 2.
% Maximum clause weight is 2.000.
% Given clauses 0.

3 Word(victorious) | Word(defeated) # label(non_clause) # label(goal).  [goal].
4 Word(x).  [assumption].
7 -Word(c1).  [deny(3)].
8 $F.  [resolve(7,a,4,a)].

============================== end of proof ==========================

============================== STATISTICS ============================

Given=0. Generated=9. Kept=4. proofs=1.
Usable=0. Sos=0. Demods=0. Limbo=3, Disabled=9. Hints=0.
Kept_by_rule=0, Deleted_by_rule=0.
Forward_subsumed=5. Back_subsumed=0.
Sos_limit_deleted=0. Sos_displaced=0. Sos_removed=0.
New_demodulators=0 (0 lex), Back_demodulated=0. Back_unit_deleted=0.
Demod_attempts=0. Demod_rewrites=0.
Res_instance_prunes=0. Para_instance_prunes=0. Basic_paramod_prunes=0.
Nonunit_fsub_feature_tests=0. Nonunit_bsub_feature_tests=0.
Megabytes=0.03.
User_CPU=0.01, System_CPU=0.01, Wall_clock=0.

============================== end of statistics =====================

============================== end of search =========================

THEOREM PROVED

Exiting with 1 proof.

Process 63470 exit (max_proofs) Sat Dec  3 14:43:44 2022
